0 info it worked if it ends with ok
1 verbose cli [ 'node',
1 verbose cli   '/usr/local/bin/npm',
1 verbose cli   'publish',
1 verbose cli   'konishileecalendar@1.0.0' ]
2 info using npm@2.7.6
3 info using node@v0.10.33
4 verbose publish [ 'konishileecalendar@1.0.0' ]
5 silly cache add args [ 'konishileecalendar@1.0.0', null ]
6 verbose cache add spec konishileecalendar@1.0.0
7 silly cache add parsed spec { raw: 'konishileecalendar@1.0.0',
7 silly cache add   scope: null,
7 silly cache add   name: 'konishileecalendar',
7 silly cache add   rawSpec: '1.0.0',
7 silly cache add   spec: '1.0.0',
7 silly cache add   type: 'version' }
8 silly addNamed konishileecalendar@1.0.0
9 verbose addNamed "1.0.0" is a plain semver version for konishileecalendar
10 silly mapToRegistry name konishileecalendar
11 silly mapToRegistry using default registry
12 silly mapToRegistry registry https://registry.npmjs.org/
13 silly mapToRegistry uri https://registry.npmjs.org/konishileecalendar
14 verbose addNameVersion registry:https://registry.npmjs.org/konishileecalendar not in flight; fetching
15 verbose request uri https://registry.npmjs.org/konishileecalendar
16 verbose request no auth needed
17 info attempt registry request try #1 at 12:03:07
18 verbose request using bearer token for auth
19 verbose request id 1ecb7dfc292851bd
20 http request GET https://registry.npmjs.org/konishileecalendar
21 http 404 https://registry.npmjs.org/konishileecalendar
22 verbose headers { server: 'CouchDB/1.5.0 (Erlang OTP/R16B03)',
22 verbose headers   etag: '"1ECHNUOZJQIW0I5L49WI2KFYL"',
22 verbose headers   'content-type': 'application/json',
22 verbose headers   'cache-control': 'max-age=0',
22 verbose headers   'content-length': '419',
22 verbose headers   'accept-ranges': 'bytes',
22 verbose headers   date: 'Fri, 25 Sep 2015 04:03:08 GMT',
22 verbose headers   via: '1.1 varnish',
22 verbose headers   connection: 'keep-alive',
22 verbose headers   'x-served-by': 'cache-nrt6132-NRT',
22 verbose headers   'x-cache': 'MISS',
22 verbose headers   'x-cache-hits': '0',
22 verbose headers   'x-timer': 'S1443153788.254609,VS0,VE738',
22 verbose headers   vary: 'Accept' }
23 silly get cb [ 404,
23 silly get   { server: 'CouchDB/1.5.0 (Erlang OTP/R16B03)',
23 silly get     etag: '"1ECHNUOZJQIW0I5L49WI2KFYL"',
23 silly get     'content-type': 'application/json',
23 silly get     'cache-control': 'max-age=0',
23 silly get     'content-length': '419',
23 silly get     'accept-ranges': 'bytes',
23 silly get     date: 'Fri, 25 Sep 2015 04:03:08 GMT',
23 silly get     via: '1.1 varnish',
23 silly get     connection: 'keep-alive',
23 silly get     'x-served-by': 'cache-nrt6132-NRT',
23 silly get     'x-cache': 'MISS',
23 silly get     'x-cache-hits': '0',
23 silly get     'x-timer': 'S1443153788.254609,VS0,VE738',
23 silly get     vary: 'Accept' } ]
24 verbose stack Error: Registry returned 404 for GET on https://registry.npmjs.org/konishileecalendar
24 verbose stack     at CachingRegistryClient.<anonymous> (/usr/local/lib/node_modules/npm/node_modules/npm-registry-client/lib/request.js:239:14)
24 verbose stack     at Request._callback (/usr/local/lib/node_modules/npm/node_modules/npm-registry-client/lib/request.js:170:14)
24 verbose stack     at Request.self.callback (/usr/local/lib/node_modules/npm/node_modules/request/request.js:360:22)
24 verbose stack     at Request.emit (events.js:98:17)
24 verbose stack     at Request.<anonymous> (/usr/local/lib/node_modules/npm/node_modules/request/request.js:1202:14)
24 verbose stack     at Request.emit (events.js:117:20)
24 verbose stack     at IncomingMessage.<anonymous> (/usr/local/lib/node_modules/npm/node_modules/request/request.js:1150:12)
24 verbose stack     at IncomingMessage.emit (events.js:117:20)
24 verbose stack     at _stream_readable.js:943:16
24 verbose stack     at process._tickCallback (node.js:419:13)
25 verbose statusCode 404
26 verbose pkgid konishileecalendar
27 verbose cwd /Users/pj/Desktop/calendar
28 error Darwin 14.5.0
29 error argv "node" "/usr/local/bin/npm" "publish" "konishileecalendar@1.0.0"
30 error node v0.10.33
31 error npm  v2.7.6
32 error code E404
33 error 404 Registry returned 404 for GET on https://registry.npmjs.org/konishileecalendar
33 error 404
33 error 404 'konishileecalendar' is not in the npm registry.
33 error 404 You should bug the author to publish it (or use the name yourself!)
33 error 404
33 error 404 Note that you can also install from a
33 error 404 tarball, folder, http url, or git url.
34 verbose exit [ 1, true ]
